Unity Editor version:    2021.3.16f1 (4016570cf34f)
Branch:                  2021.3/staging
Build type:              Release
Batch mode:              YES
macOS version:           Version 10.15.7 (Build 19H524)
Darwin version:          19.6.0
Architecture:            x86_64
Running under Rosetta:   NO
Available memory:        16384 MB
Using pre-set license
Pro License: YES

COMMAND LINE ARGUMENTS:
/Users/thomaspiccolo/Documents/GitHub/VRAppProject1A/2021.3.16f1/Unity.app/Contents/MacOS/Unity
-adb2
-batchMode
-noUpm
-name
AssetImportWorker0
-projectPath
/Volumes/Tom 2 Work and Photo Library091122 Seagate Portable Drive/Brooklyn Travels Puerto Rico/BrooklynTravelsPuertoRico/BrooklynTravelsPR201.10.23
-logFile
Logs/AssetImportWorker0.log
-srvPort
58182
Successfully changed project path to: /Volumes/Tom 2 Work and Photo Library091122 Seagate Portable Drive/Brooklyn Travels Puerto Rico/BrooklynTravelsPuertoRico/BrooklynTravelsPR201.10.23
/Volumes/Tom 2 Work and Photo Library091122 Seagate Portable Drive/Brooklyn Travels Puerto Rico/BrooklynTravelsPuertoRico/BrooklynTravelsPR201.10.23
[UnityMemory] Configuration Parameters - Can be set up in boot.config
    "memorysetup-bucket-allocator-granularity=16"
    "memorysetup-bucket-allocator-bucket-count=8"
    "memorysetup-bucket-allocator-block-size=33554432"
    "memorysetup-bucket-allocator-block-count=8"
    "memorysetup-main-allocator-block-size=16777216"
    "memorysetup-thread-allocator-block-size=16777216"
    "memorysetup-gfx-main-allocator-block-size=16777216"
    "memorysetup-gfx-thread-allocator-block-size=16777216"
    "memorysetup-cache-allocator-block-size=4194304"
    "memorysetup-typetree-allocator-block-size=2097152"
    "memorysetup-profiler-bucket-allocator-granularity=16"
    "memorysetup-profiler-bucket-allocator-bucket-count=8"
    "memorysetup-profiler-bucket-allocator-block-size=33554432"
    "memorysetup-profiler-bucket-allocator-block-count=8"
    "memorysetup-profiler-allocator-block-size=16777216"
    "memorysetup-profiler-editor-allocator-block-size=1048576"
    "memorysetup-temp-allocator-size-main=16777216"
    "memorysetup-job-temp-allocator-block-size=2097152"
    "memorysetup-job-temp-allocator-block-size-background=1048576"
    "memorysetup-job-temp-allocator-reduction-small-platforms=262144"
    "memorysetup-temp-allocator-size-background-worker=32768"
    "memorysetup-temp-allocator-size-job-worker=262144"
    "memorysetup-temp-allocator-size-preload-manager=33554432"
    "memorysetup-temp-allocator-size-nav-mesh-worker=65536"
    "memorysetup-temp-allocator-size-audio-worker=65536"
    "memorysetup-temp-allocator-size-cloud-worker=32768"
    "memorysetup-temp-allocator-size-gi-baking-worker=262144"
    "memorysetup-temp-allocator-size-gfx=262144"
Player connection [4816178624] Host "[IP] 192.168.1.153 [Port] 0 [Flags] 2 [Guid] 845212924 [EditorId] 845212924 [Version] 1048832 [Id] OSXEditor(0,Thomass-MBP) [Debug] 1 [PackageName] OSXEditor [ProjectName] Editor" joined multi-casting on [225.0.0.222:54997]...

Player connection [4816178624] Host "[IP] 192.168.1.153 [Port] 0 [Flags] 2 [Guid] 845212924 [EditorId] 845212924 [Version] 1048832 [Id] OSXEditor(0,Thomass-MBP) [Debug] 1 [PackageName] OSXEditor [ProjectName] Editor" joined alternative multi-casting on [225.0.0.222:34997]...

Refreshing native plugins compatible for Editor in 646.53 ms, found 3 plugins.
Preloading 1 native plugins for Editor in 8.23 ms.
Initialize engine version: 2021.3.16f1 (4016570cf34f)
[Subsystems] Discovering subsystems at path /Users/thomaspiccolo/Documents/GitHub/VRAppProject1A/2021.3.16f1/Unity.app/Contents/Resources/UnitySubsystems
[Subsystems] Discovering subsystems at path /Volumes/Tom 2 Work and Photo Library091122 Seagate Portable Drive/Brooklyn Travels Puerto Rico/BrooklynTravelsPuertoRico/BrooklynTravelsPR201.10.23/Assets
GfxDevice: creating device client; threaded=0; jobified=0
Color LCD preferred device: Intel(R) Iris(TM) Plus Graphics 655 (low power)
Metal devices available: 1
0: Intel(R) Iris(TM) Plus Graphics 655 (low power)
Forcing user selected device: Intel(R) Iris(TM) Plus Graphics 655 (low power)
Initializing Metal device caps: Intel(R) Iris(TM) Plus Graphics 655
Initialize mono
Mono path[0] = '/Users/thomaspiccolo/Documents/GitHub/VRAppProject1A/2021.3.16f1/Unity.app/Contents/Managed'
Mono path[1] = '/Users/thomaspiccolo/Documents/GitHub/VRAppProject1A/2021.3.16f1/Unity.app/Contents/MonoBleedingEdge/lib/mono/unityjit-macos'
Mono config path = '/Users/thomaspiccolo/Documents/GitHub/VRAppProject1A/2021.3.16f1/Unity.app/Contents/MonoBleedingEdge/etc'
Using monoOptions --debugger-agent=transport=dt_socket,embedding=1,server=y,suspend=n,address=127.0.0.1:56008
Begin MonoManager ReloadAssembly
Registering precompiled unity dll's ...
Register platform support module: /Users/thomaspiccolo/Documents/GitHub/VRAppProject1A/2021.3.16f1/Unity.app/Contents/PlaybackEngines/MacStandaloneSupport/UnityEditor.OSXStandalone.Extensions.dll
Register platform support module: /Users/thomaspiccolo/Documents/GitHub/VRAppProject1A/2021.3.16f1/PlaybackEngines/AndroidPlayer/UnityEditor.Android.Extensions.dll
Register platform support module: /Users/thomaspiccolo/Documents/GitHub/VRAppProject1A/2021.3.16f1/PlaybackEngines/WindowsStandaloneSupport/UnityEditor.WindowsStandalone.Extensions.dll
Registered in 0.002118 seconds.
Native extension for WindowsStandalone target not found
Native extension for Android target not found
Native extension for OSXStandalone target not found
Refreshing native plugins compatible for Editor in 114.50 ms, found 3 plugins.
Preloading 1 native plugins for Editor in 0.48 ms.
Mono: successfully reloaded assembly
- Completed reload, in  0.855 seconds
Domain Reload Profiling:
	ReloadAssembly (856ms)
		BeginReloadAssembly (73ms)
			ExecutionOrderSort (0ms)
			DisableScriptedObjects (0ms)
			BackupInstance (0ms)
			ReleaseScriptingObjects (0ms)
			CreateAndSetChildDomain (1ms)
		EndReloadAssembly (629ms)
			LoadAssemblies (72ms)
			RebuildTransferFunctionScriptingTraits (0ms)
			SetupTypeCache (173ms)
			ReleaseScriptCaches (0ms)
			RebuildScriptCaches (40ms)
			SetupLoadedEditorAssemblies (354ms)
				LogAssemblyErrors (0ms)
				InitializePlatformSupportModulesInManaged (69ms)
				SetLoadedEditorAssemblies (0ms)
				RefreshPlugins (115ms)
				BeforeProcessingInitializeOnLoad (1ms)
				ProcessInitializeOnLoadAttributes (112ms)
				ProcessInitializeOnLoadMethodAttributes (56ms)
				AfterProcessingInitializeOnLoad (0ms)
				EditorAssembliesLoaded (0ms)
			ExecutionOrderSort2 (0ms)
			AwakeInstancesAfterBackupRestoration (0ms)
Platform modules already initialized, skipping
Registering precompiled user dll's ...
Registered in 0.006701 seconds.
Android Extension - Scanning For ADB Devices 3851 ms
Begin MonoManager ReloadAssembly
Symbol file LoadedFromMemory doesn't match image /Volumes/Tom 2 Work and Photo Library091122 Seagate Portable Drive/Brooklyn Travels Puerto Rico/BrooklynTravelsPuertoRico/BrooklynTravelsPR201.10.23/Library/PackageCache/com.unity.visualscripting@1.7.8/Editor/VisualScripting.Core/Dependencies/DotNetZip/Unity.VisualScripting.IonicZip.dll
Symbol file LoadedFromMemory doesn't match image /Volumes/Tom 2 Work and Photo Library091122 Seagate Portable Drive/Brooklyn Travels Puerto Rico/BrooklynTravelsPuertoRico/BrooklynTravelsPR201.10.23/Library/PackageCache/com.unity.visualscripting@1.7.8/Editor/VisualScripting.Core/Dependencies/YamlDotNet/Unity.VisualScripting.YamlDotNet.dll
Native extension for WindowsStandalone target not found
Native extension for Android target not found
Native extension for OSXStandalone target not found
Refreshing native plugins compatible for Editor in 113.58 ms, found 3 plugins.
Preloading 1 native plugins for Editor in 0.59 ms.
Package Manager log level set to [2]
Mono: successfully reloaded assembly
- Completed reload, in  1.763 seconds
Domain Reload Profiling:
	ReloadAssembly (1764ms)
		BeginReloadAssembly (148ms)
			ExecutionOrderSort (0ms)
			DisableScriptedObjects (8ms)
			BackupInstance (0ms)
			ReleaseScriptingObjects (0ms)
			CreateAndSetChildDomain (45ms)
		EndReloadAssembly (1448ms)
			LoadAssemblies (99ms)
			RebuildTransferFunctionScriptingTraits (0ms)
			SetupTypeCache (488ms)
			ReleaseScriptCaches (2ms)
			RebuildScriptCaches (87ms)
			SetupLoadedEditorAssemblies (694ms)
				LogAssemblyErrors (0ms)
				InitializePlatformSupportModulesInManaged (15ms)
				SetLoadedEditorAssemblies (0ms)
				RefreshPlugins (114ms)
				BeforeProcessingInitializeOnLoad (113ms)
				ProcessInitializeOnLoadAttributes (417ms)
				ProcessInitializeOnLoadMethodAttributes (33ms)
				AfterProcessingInitializeOnLoad (3ms)
				EditorAssembliesLoaded (0ms)
			ExecutionOrderSort2 (0ms)
			AwakeInstancesAfterBackupRestoration (6ms)
Platform modules already initialized, skipping
========================================================================
Worker process is ready to serve import requests
Launching external process: /Users/thomaspiccolo/Documents/GitHub/VRAppProject1A/2021.3.16f1/Unity.app/Contents/Tools/UnityShaderCompiler
Launched and connected shader compiler UnityShaderCompiler after 0.02 seconds
Refreshing native plugins compatible for Editor in 1.20 ms, found 3 plugins.
Preloading 1 native plugins for Editor in 0.82 ms.
Unloading 4083 Unused Serialized files (Serialized files now loaded: 0)
Unloading 54 unused Assets / (89.2 KB). Loaded Objects now: 4521.
Memory consumption went from 142.2 MB to 142.1 MB.
Total: 5.409642 ms (FindLiveObjects: 0.446632 ms CreateObjectMapping: 0.714492 ms MarkObjects: 4.077997 ms  DeleteObjects: 0.169413 ms)

AssetImportParameters requested are different than current active one (requested -> active):
  custom:video-decoder-ogg-theora: a1e56fd34408186e4bbccfd4996cb3dc -> 
  custom:container-muxer-webm: aa71ff27fc2769a1b78a27578f13a17b -> 
  custom:container-demuxer-webm: 4f35f7cbe854078d1ac9338744f61a02 -> 
  custom:video-encoder-webm-vp8: eb34c28f22e8b96e1ab97ce403110664 -> 
  custom:framework-osx-AVFoundation: b23960f63f64bdc6ff669e2cdcee2391 -> 
  custom:audio-encoder-webm-vorbis: bf7c407c2cedff20999df2af8eb42d56 -> 
  custom:container-demuxer-ogg: 62fdf1f143b41e24485cea50d1cbac27 -> 
  custom:video-decoder-webm-vp8: 9c59270c3fd7afecdb556c50c9e8de78 -> 
  custom:audio-decoder-ogg-vorbis: bf7c407c2cedff20999df2af8eb42d56 -> 
========================================================================
Received Import Request.
  Time since last request: 20890.282765 seconds.
  path: Assets/Jackie and Chris' Wedding Celebration.unity
  artifactKey: Guid(a63ab07e85003418ab572cef20484995) Importer(815301076,1909f56bfc062723c751e8b465ee728b)
Start importing Assets/Jackie and Chris' Wedding Celebration.unity using Guid(a63ab07e85003418ab572cef20484995) Importer(815301076,1909f56bfc062723c751e8b465ee728b)  -> (artifact id: 'e6f2950f15f7605951fb066406baa96c') in 0.035732 seconds 
========================================================================
Received Import Request.
  Time since last request: 27.425158 seconds.
  path: Assets/Jackie and Chris Wedding Celebration 2022.unity
  artifactKey: Guid(8ae8b4b94f8644feea6b7463f99de2bb) Importer(815301076,1909f56bfc062723c751e8b465ee728b)
Start importing Assets/Jackie and Chris Wedding Celebration 2022.unity using Guid(8ae8b4b94f8644feea6b7463f99de2bb) Importer(815301076,1909f56bfc062723c751e8b465ee728b)  -> (artifact id: '925b6b508ee3bc69c23c5e9d7d592498') in 0.019175 seconds 
========================================================================
Received Import Request.
  Time since last request: 167.975394 seconds.
  path: Assets/Materials/Ceremony Skybox.mat
  artifactKey: Guid(4c28269ed81e34155ae174073e704c45) Importer(815301076,1909f56bfc062723c751e8b465ee728b)
Start importing Assets/Materials/Ceremony Skybox.mat using Guid(4c28269ed81e34155ae174073e704c45) Importer(815301076,1909f56bfc062723c751e8b465ee728b)  -> (artifact id: '279a5f595ee02325a8508632237bfb82') in 0.827271 seconds 
========================================================================
Received Import Request.
  Time since last request: 0.000071 seconds.
  path: Assets/Materials/JnC End Aisle WS.mat
  artifactKey: Guid(743a568155525415090d93e42b90ce6e) Importer(815301076,1909f56bfc062723c751e8b465ee728b)
Start importing Assets/Materials/JnC End Aisle WS.mat using Guid(743a568155525415090d93e42b90ce6e) Importer(815301076,1909f56bfc062723c751e8b465ee728b)  -> (artifact id: '6f80e80c585ca2040440ba942242dff4') in 0.066333 seconds 
========================================================================
Received Import Request.
  Time since last request: 0.000104 seconds.
  path: Assets/Materials/Skybox_Mat.mat
  artifactKey: Guid(0ffaa0b7117ba8c47a9d05ae701d4b4d) Importer(815301076,1909f56bfc062723c751e8b465ee728b)
Start importing Assets/Materials/Skybox_Mat.mat using Guid(0ffaa0b7117ba8c47a9d05ae701d4b4d) Importer(815301076,1909f56bfc062723c751e8b465ee728b)  -> (artifact id: '8af55d5666ee0e608395e37aab42b745') in 0.029625 seconds 
========================================================================
Received Import Request.
  Time since last request: 0.000096 seconds.
  path: Assets/ExampleAssets/Models/XRControllerLeft.fbx
  artifactKey: Guid(e48d18018a0ba46c283d9fd9c227e578) Importer(815301076,1909f56bfc062723c751e8b465ee728b)
Start importing Assets/ExampleAssets/Models/XRControllerLeft.fbx using Guid(e48d18018a0ba46c283d9fd9c227e578) Importer(815301076,1909f56bfc062723c751e8b465ee728b)  -> (artifact id: 'fb074b4d799170f7d24ee1b58898fcf2') in 0.562769 seconds 
========================================================================
Received Prepare
Registering precompiled user dll's ...
Registered in 0.005767 seconds.
Begin MonoManager ReloadAssembly
Symbol file LoadedFromMemory doesn't match image /Volumes/Tom 2 Work and Photo Library091122 Seagate Portable Drive/Brooklyn Travels Puerto Rico/BrooklynTravelsPuertoRico/BrooklynTravelsPR201.10.23/Library/PackageCache/com.unity.visualscripting@1.7.8/Editor/VisualScripting.Core/Dependencies/DotNetZip/Unity.VisualScripting.IonicZip.dll
Symbol file LoadedFromMemory doesn't match image /Volumes/Tom 2 Work and Photo Library091122 Seagate Portable Drive/Brooklyn Travels Puerto Rico/BrooklynTravelsPuertoRico/BrooklynTravelsPR201.10.23/Library/PackageCache/com.unity.visualscripting@1.7.8/Editor/VisualScripting.Core/Dependencies/YamlDotNet/Unity.VisualScripting.YamlDotNet.dll
Native extension for WindowsStandalone target not found
Native extension for Android target not found
Native extension for OSXStandalone target not found
Refreshing native plugins compatible for Editor in 1.28 ms, found 3 plugins.
Preloading 1 native plugins for Editor in 0.56 ms.
Mono: successfully reloaded assembly
- Completed reload, in  1.448 seconds
Domain Reload Profiling:
	ReloadAssembly (1449ms)
		BeginReloadAssembly (180ms)
			ExecutionOrderSort (0ms)
			DisableScriptedObjects (5ms)
			BackupInstance (0ms)
			ReleaseScriptingObjects (0ms)
			CreateAndSetChildDomain (87ms)
		EndReloadAssembly (1137ms)
			LoadAssemblies (86ms)
			RebuildTransferFunctionScriptingTraits (0ms)
			SetupTypeCache (445ms)
			ReleaseScriptCaches (1ms)
			RebuildScriptCaches (58ms)
			SetupLoadedEditorAssemblies (484ms)
				LogAssemblyErrors (0ms)
				InitializePlatformSupportModulesInManaged (20ms)
				SetLoadedEditorAssemblies (1ms)
				RefreshPlugins (2ms)
				BeforeProcessingInitializeOnLoad (78ms)
				ProcessInitializeOnLoadAttributes (350ms)
				ProcessInitializeOnLoadMethodAttributes (32ms)
				AfterProcessingInitializeOnLoad (2ms)
				EditorAssembliesLoaded (0ms)
			ExecutionOrderSort2 (0ms)
			AwakeInstancesAfterBackupRestoration (5ms)
Platform modules already initialized, skipping
Refreshing native plugins compatible for Editor in 5.93 ms, found 3 plugins.
Preloading 1 native plugins for Editor in 0.58 ms.
Unloading 4058 Unused Serialized files (Serialized files now loaded: 0)
Unloading 44 unused Assets / (69.0 KB). Loaded Objects now: 4570.
Memory consumption went from 152.3 MB to 152.3 MB.
Total: 5.210869 ms (FindLiveObjects: 0.433037 ms CreateObjectMapping: 0.372012 ms MarkObjects: 4.261830 ms  DeleteObjects: 0.142653 ms)

AssetImportParameters requested are different than current active one (requested -> active):
  custom:video-decoder-ogg-theora: a1e56fd34408186e4bbccfd4996cb3dc -> 
  custom:container-muxer-webm: aa71ff27fc2769a1b78a27578f13a17b -> 
  custom:container-demuxer-webm: 4f35f7cbe854078d1ac9338744f61a02 -> 
  custom:video-encoder-webm-vp8: eb34c28f22e8b96e1ab97ce403110664 -> 
  custom:framework-osx-AVFoundation: b23960f63f64bdc6ff669e2cdcee2391 -> 
  custom:audio-encoder-webm-vorbis: bf7c407c2cedff20999df2af8eb42d56 -> 
  custom:container-demuxer-ogg: 62fdf1f143b41e24485cea50d1cbac27 -> 
  custom:video-decoder-webm-vp8: 9c59270c3fd7afecdb556c50c9e8de78 -> 
  custom:audio-decoder-ogg-vorbis: bf7c407c2cedff20999df2af8eb42d56 -> 
========================================================================
Received Import Request.
  Time since last request: 383.632416 seconds.
  path: Assets/Materials/3F8038B5-D507-465E-9031-C0848AF40908_1_201_a.jpeg
  artifactKey: Guid(729bc4dad81e94898a44c6c57a07c1bd) Importer(815301076,1909f56bfc062723c751e8b465ee728b)
Start importing Assets/Materials/3F8038B5-D507-465E-9031-C0848AF40908_1_201_a.jpeg using Guid(729bc4dad81e94898a44c6c57a07c1bd) Importer(815301076,1909f56bfc062723c751e8b465ee728b)  -> (artifact id: '13c53ddb21c87c0864d1c60ccefedaad') in 0.712137 seconds 
========================================================================
Received Import Request.
  Time since last request: 0.005543 seconds.
  path: Assets/Materials/EDFA9897-8EE5-4350-9983-32CB4527626F_1_201_a.jpeg
  artifactKey: Guid(3e8d6abb9f2164cf38106e84614b8994) Importer(815301076,1909f56bfc062723c751e8b465ee728b)
Start importing Assets/Materials/EDFA9897-8EE5-4350-9983-32CB4527626F_1_201_a.jpeg using Guid(3e8d6abb9f2164cf38106e84614b8994) Importer(815301076,1909f56bfc062723c751e8b465ee728b)  -> (artifact id: '4df3d8a52ea91e58fbbb64951ac50a87') in 0.048766 seconds 
========================================================================
Received Import Request.
  Time since last request: 0.000103 seconds.
  path: Assets/Materials/Ceremony with people.jpg
  artifactKey: Guid(735590732032c444b936546d562d7cfd) Importer(815301076,1909f56bfc062723c751e8b465ee728b)
Start importing Assets/Materials/Ceremony with people.jpg using Guid(735590732032c444b936546d562d7cfd) Importer(815301076,1909f56bfc062723c751e8b465ee728b)  -> (artifact id: '6c7b40dbc296f48ec08f46aa94e73d28') in 0.477096 seconds 
========================================================================
Received Import Request.
  Time since last request: 0.000159 seconds.
  path: Assets/Materials/CeremonyVenueFloorTextuere.psd
  artifactKey: Guid(57a0c8815541c4f53aab8ed1d790b1fa) Importer(815301076,1909f56bfc062723c751e8b465ee728b)
Start importing Assets/Materials/CeremonyVenueFloorTextuere.psd using Guid(57a0c8815541c4f53aab8ed1d790b1fa) Importer(815301076,1909f56bfc062723c751e8b465ee728b)  -> (artifact id: 'e3be90359c56bc0b011c0c2f1da2603f') in 0.542356 seconds 
========================================================================
Received Import Request.
  Time since last request: 488.826453 seconds.
  path: Assets/Materials/CeremonyFloorMat.mat
  artifactKey: Guid(8e0e399c79dea45a2af73e2906d7ea57) Importer(815301076,1909f56bfc062723c751e8b465ee728b)
Start importing Assets/Materials/CeremonyFloorMat.mat using Guid(8e0e399c79dea45a2af73e2906d7ea57) Importer(815301076,1909f56bfc062723c751e8b465ee728b)  -> (artifact id: '1be1e6674388ecf011619e101bdbe938') in 0.186561 seconds 
========================================================================
Received Import Request.
  Time since last request: 0.000148 seconds.
  path: Assets/Materials/JnC End Aisle WS.mat
  artifactKey: Guid(743a568155525415090d93e42b90ce6e) Importer(815301076,1909f56bfc062723c751e8b465ee728b)
Start importing Assets/Materials/JnC End Aisle WS.mat using Guid(743a568155525415090d93e42b90ce6e) Importer(815301076,1909f56bfc062723c751e8b465ee728b)  -> (artifact id: '83e7b26e3b8c76ec9b5a489c6d6ad366') in 0.167609 seconds 
========================================================================
Received Import Request.
  Time since last request: 0.000068 seconds.
  path: Assets/Materials/Wedding Venue Mat.mat
  artifactKey: Guid(2a7ac33dff4864b4e8eba891af1dfe7b) Importer(815301076,1909f56bfc062723c751e8b465ee728b)
Start importing Assets/Materials/Wedding Venue Mat.mat using Guid(2a7ac33dff4864b4e8eba891af1dfe7b) Importer(815301076,1909f56bfc062723c751e8b465ee728b)  -> (artifact id: '337b45ca11e2c0d3bf1609bd040cd96d') in 0.205288 seconds 
========================================================================
Received Import Request.
  Time since last request: 0.000078 seconds.
  path: Assets/Materials/JnCnOffic.mat
  artifactKey: Guid(ce8bee63358ff45fb8ac459d73e9f753) Importer(815301076,1909f56bfc062723c751e8b465ee728b)
Start importing Assets/Materials/JnCnOffic.mat using Guid(ce8bee63358ff45fb8ac459d73e9f753) Importer(815301076,1909f56bfc062723c751e8b465ee728b)  -> (artifact id: '92f9336a0c89922723cf5670f119c4b4') in 0.112232 seconds 
